Analysis & Synthesis report for main
Thu Dec 29 14:16:26 2016
Quartus Prime Version 16.1.0 Build 196 10/24/2016 SJ Lite Edition


---------------------
; Table of Contents ;
---------------------
  1. Legal Notice
  2. Analysis & Synthesis Summary
  3. Analysis & Synthesis Settings
  4. Parallel Compilation
  5. Analysis & Synthesis Source Files Read
  6. Analysis & Synthesis Resource Usage Summary
  7. Analysis & Synthesis Resource Utilization by Entity
  8. User-Specified and Inferred Latches
  9. General Register Statistics
 10. Inverted Register Statistics
 11. Multiplexer Restructuring Statistics (Restructuring Performed)
 12. Post-Synthesis Netlist Statistics for Top Partition
 13. Elapsed Time Per Partition
 14. Analysis & Synthesis Messages



----------------
; Legal Notice ;
----------------
Copyright (C) 2016  Intel Corporation. All rights reserved.
Your use of Intel Corporation's design tools, logic functions 
and other software and tools, and its AMPP partner logic 
functions, and any output files from any of the foregoing 
(including device programming or simulation files), and any 
associated documentation or information are expressly subject 
to the terms and conditions of the Intel Program License 
Subscription Agreement, the Intel Quartus Prime License Agreement,
the Intel MegaCore Function License Agreement, or other 
applicable license agreement, including, without limitation, 
that your use is for the sole purpose of programming logic 
devices manufactured by Intel and sold by Intel or its 
authorized distributors.  Please refer to the applicable 
agreement for further details.



+-------------------------------------------------------------------------------+
; Analysis & Synthesis Summary                                                  ;
+---------------------------------+---------------------------------------------+
; Analysis & Synthesis Status     ; Successful - Thu Dec 29 14:16:26 2016       ;
; Quartus Prime Version           ; 16.1.0 Build 196 10/24/2016 SJ Lite Edition ;
; Revision Name                   ; main                                        ;
; Top-level Entity Name           ; main                                        ;
; Family                          ; Cyclone V                                   ;
; Logic utilization (in ALMs)     ; N/A                                         ;
; Total registers                 ; 307                                         ;
; Total pins                      ; 89                                          ;
; Total virtual pins              ; 0                                           ;
; Total block memory bits         ; 0                                           ;
; Total DSP Blocks                ; 0                                           ;
; Total HSSI RX PCSs              ; 0                                           ;
; Total HSSI PMA RX Deserializers ; 0                                           ;
; Total HSSI TX PCSs              ; 0                                           ;
; Total HSSI PMA TX Serializers   ; 0                                           ;
; Total PLLs                      ; 0                                           ;
; Total DLLs                      ; 0                                           ;
+---------------------------------+---------------------------------------------+


+---------------------------------------------------------------------------------------------------------------------------+
; Analysis & Synthesis Settings                                                                                             ;
+---------------------------------------------------------------------------------+--------------------+--------------------+
; Option                                                                          ; Setting            ; Default Value      ;
+---------------------------------------------------------------------------------+--------------------+--------------------+
; Device                                                                          ; 5CEBA4F23C7        ;                    ;
; Top-level entity name                                                           ; main               ; main               ;
; Family name                                                                     ; Cyclone V          ; Cyclone V          ;
; Use smart compilation                                                           ; Off                ; Off                ;
; Enable parallel Assembler and TimeQuest Timing Analyzer during compilation      ; On                 ; On                 ;
; Enable compact report table                                                     ; Off                ; Off                ;
; Restructure Multiplexers                                                        ; Auto               ; Auto               ;
; MLAB Add Timing Constraints For Mixed-Port Feed-Through Mode Setting Don't Care ; Off                ; Off                ;
; Create Debugging Nodes for IP Cores                                             ; Off                ; Off                ;
; Preserve fewer node names                                                       ; On                 ; On                 ;
; OpenCore Plus hardware evaluation                                               ; Enable             ; Enable             ;
; Verilog Version                                                                 ; Verilog_2001       ; Verilog_2001       ;
; VHDL Version                                                                    ; VHDL_1993          ; VHDL_1993          ;
; State Machine Processing                                                        ; Auto               ; Auto               ;
; Safe State Machine                                                              ; Off                ; Off                ;
; Extract Verilog State Machines                                                  ; On                 ; On                 ;
; Extract VHDL State Machines                                                     ; On                 ; On                 ;
; Ignore Verilog initial constructs                                               ; Off                ; Off                ;
; Iteration limit for constant Verilog loops                                      ; 5000               ; 5000               ;
; Iteration limit for non-constant Verilog loops                                  ; 250                ; 250                ;
; Add Pass-Through Logic to Inferred RAMs                                         ; On                 ; On                 ;
; Infer RAMs from Raw Logic                                                       ; On                 ; On                 ;
; Parallel Synthesis                                                              ; On                 ; On                 ;
; DSP Block Balancing                                                             ; Auto               ; Auto               ;
; NOT Gate Push-Back                                                              ; On                 ; On                 ;
; Power-Up Don't Care                                                             ; On                 ; On                 ;
; Remove Redundant Logic Cells                                                    ; Off                ; Off                ;
; Remove Duplicate Registers                                                      ; On                 ; On                 ;
; Ignore CARRY Buffers                                                            ; Off                ; Off                ;
; Ignore CASCADE Buffers                                                          ; Off                ; Off                ;
; Ignore GLOBAL Buffers                                                           ; Off                ; Off                ;
; Ignore ROW GLOBAL Buffers                                                       ; Off                ; Off                ;
; Ignore LCELL Buffers                                                            ; Off                ; Off                ;
; Ignore SOFT Buffers                                                             ; On                 ; On                 ;
; Limit AHDL Integers to 32 Bits                                                  ; Off                ; Off                ;
; Optimization Technique                                                          ; Balanced           ; Balanced           ;
; Carry Chain Length                                                              ; 70                 ; 70                 ;
; Auto Carry Chains                                                               ; On                 ; On                 ;
; Auto Open-Drain Pins                                                            ; On                 ; On                 ;
; Perform WYSIWYG Primitive Resynthesis                                           ; Off                ; Off                ;
; Auto ROM Replacement                                                            ; On                 ; On                 ;
; Auto RAM Replacement                                                            ; On                 ; On                 ;
; Auto DSP Block Replacement                                                      ; On                 ; On                 ;
; Auto Shift Register Replacement                                                 ; Auto               ; Auto               ;
; Allow Shift Register Merging across Hierarchies                                 ; Auto               ; Auto               ;
; Auto Clock Enable Replacement                                                   ; On                 ; On                 ;
; Strict RAM Replacement                                                          ; Off                ; Off                ;
; Allow Synchronous Control Signals                                               ; On                 ; On                 ;
; Force Use of Synchronous Clear Signals                                          ; Off                ; Off                ;
; Auto Resource Sharing                                                           ; Off                ; Off                ;
; Allow Any RAM Size For Recognition                                              ; Off                ; Off                ;
; Allow Any ROM Size For Recognition                                              ; Off                ; Off                ;
; Allow Any Shift Register Size For Recognition                                   ; Off                ; Off                ;
; Use LogicLock Constraints during Resource Balancing                             ; On                 ; On                 ;
; Ignore translate_off and synthesis_off directives                               ; Off                ; Off                ;
; Timing-Driven Synthesis                                                         ; On                 ; On                 ;
; Report Parameter Settings                                                       ; On                 ; On                 ;
; Report Source Assignments                                                       ; On                 ; On                 ;
; Report Connectivity Checks                                                      ; On                 ; On                 ;
; Ignore Maximum Fan-Out Assignments                                              ; Off                ; Off                ;
; Synchronization Register Chain Length                                           ; 3                  ; 3                  ;
; PowerPlay Power Optimization During Synthesis                                   ; Normal compilation ; Normal compilation ;
; HDL message level                                                               ; Level2             ; Level2             ;
; Suppress Register Optimization Related Messages                                 ; Off                ; Off                ;
; Number of Removed Registers Reported in Synthesis Report                        ; 5000               ; 5000               ;
; Number of Swept Nodes Reported in Synthesis Report                              ; 5000               ; 5000               ;
; Number of Inverted Registers Reported in Synthesis Report                       ; 100                ; 100                ;
; Clock MUX Protection                                                            ; On                 ; On                 ;
; Auto Gated Clock Conversion                                                     ; Off                ; Off                ;
; Block Design Naming                                                             ; Auto               ; Auto               ;
; SDC constraint protection                                                       ; Off                ; Off                ;
; Synthesis Effort                                                                ; Auto               ; Auto               ;
; Shift Register Replacement - Allow Asynchronous Clear Signal                    ; On                 ; On                 ;
; Pre-Mapping Resynthesis Optimization                                            ; Off                ; Off                ;
; Analysis & Synthesis Message Level                                              ; Medium             ; Medium             ;
; Disable Register Merging Across Hierarchies                                     ; Auto               ; Auto               ;
; Resource Aware Inference For Block RAM                                          ; On                 ; On                 ;
; Automatic Parallel Synthesis                                                    ; On                 ; On                 ;
; Partial Reconfiguration Bitstream ID                                            ; Off                ; Off                ;
+---------------------------------------------------------------------------------+--------------------+--------------------+


+------------------------------------------+
; Parallel Compilation                     ;
+----------------------------+-------------+
; Processors                 ; Number      ;
+----------------------------+-------------+
; Number detected on machine ; 8           ;
; Maximum allowed            ; 4           ;
;                            ;             ;
; Average used               ; 1.00        ;
; Maximum used               ; 4           ;
;                            ;             ;
; Usage by Processor         ; % Time Used ;
;     Processor 1            ; 100.0%      ;
;     Processor 2            ;   0.0%      ;
;     Processors 3-4         ;   0.0%      ;
+----------------------------+-------------+


+--------------------------------------------------------------------------------------------------------------------------------------------------+
; Analysis & Synthesis Source Files Read                                                                                                           ;
+----------------------------------+-----------------+------------------------------+----------------------------------------------------+---------+
; File Name with User-Entered Path ; Used in Netlist ; File Type                    ; File Name with Absolute Path                       ; Library ;
+----------------------------------+-----------------+------------------------------+----------------------------------------------------+---------+
; led.v                            ; yes             ; User Verilog HDL File        ; /home/carbonk/Documents/verilog/mine/led.v         ;         ;
; mat.v                            ; yes             ; User Verilog HDL File        ; /home/carbonk/Documents/verilog/mine/mat.v         ;         ;
; timer.v                          ; yes             ; User Verilog HDL File        ; /home/carbonk/Documents/verilog/mine/timer.v       ;         ;
; main.v                           ; yes             ; User Verilog HDL File        ; /home/carbonk/Documents/verilog/mine/main.v        ;         ;
; seg_decoder.v                    ; yes             ; User Verilog HDL File        ; /home/carbonk/Documents/verilog/mine/seg_decoder.v ;         ;
; keypad.v                         ; yes             ; Auto-Found Verilog HDL File  ; /home/carbonk/Documents/verilog/mine/keypad.v      ;         ;
; button.v                         ; yes             ; Auto-Found Verilog HDL File  ; /home/carbonk/Documents/verilog/mine/button.v      ;         ;
+----------------------------------+-----------------+------------------------------+----------------------------------------------------+---------+


+-----------------------------------------------------------+
; Analysis & Synthesis Resource Usage Summary               ;
+---------------------------------------------+-------------+
; Resource                                    ; Usage       ;
+---------------------------------------------+-------------+
; Estimate of Logic utilization (ALMs needed) ; 389         ;
;                                             ;             ;
; Combinational ALUT usage for logic          ; 534         ;
;     -- 7 input functions                    ; 0           ;
;     -- 6 input functions                    ; 243         ;
;     -- 5 input functions                    ; 31          ;
;     -- 4 input functions                    ; 83          ;
;     -- <=3 input functions                  ; 177         ;
;                                             ;             ;
; Dedicated logic registers                   ; 307         ;
;                                             ;             ;
; I/O pins                                    ; 89          ;
;                                             ;             ;
; Total DSP Blocks                            ; 0           ;
;                                             ;             ;
; Maximum fan-out node                        ; reset~input ;
; Maximum fan-out                             ; 359         ;
; Total fan-out                               ; 3595        ;
; Average fan-out                             ; 3.53        ;
+---------------------------------------------+-------------+


+--------------------------------------------------------------------------------------------------------------------------------------------------------------------------------------------------+
; Analysis & Synthesis Resource Utilization by Entity                                                                                                                                              ;
+----------------------------+---------------------+---------------------------+-------------------+------------+------+--------------+-------------------------------+-------------+--------------+
; Compilation Hierarchy Node ; Combinational ALUTs ; Dedicated Logic Registers ; Block Memory Bits ; DSP Blocks ; Pins ; Virtual Pins ; Full Hierarchy Name           ; Entity Name ; Library Name ;
+----------------------------+---------------------+---------------------------+-------------------+------------+------+--------------+-------------------------------+-------------+--------------+
; |main                      ; 534 (0)             ; 307 (0)                   ; 0                 ; 0          ; 89   ; 0            ; |main                         ; main        ; work         ;
;    |button:b|              ; 14 (14)             ; 7 (7)                     ; 0                 ; 0          ; 0    ; 0            ; |main|button:b                ; button      ; work         ;
;    |keypad:kp|             ; 44 (44)             ; 28 (28)                   ; 0                 ; 0          ; 0    ; 0            ; |main|keypad:kp               ; keypad      ; work         ;
;    |led:l|                 ; 8 (8)               ; 0 (0)                     ; 0                 ; 0          ; 0    ; 0            ; |main|led:l                   ; led         ; work         ;
;    |mat:m|                 ; 348 (348)           ; 216 (216)                 ; 0                 ; 0          ; 0    ; 0            ; |main|mat:m                   ; mat         ; work         ;
;    |timer:t|               ; 120 (78)            ; 56 (56)                   ; 0                 ; 0          ; 0    ; 0            ; |main|timer:t                 ; timer       ; work         ;
;       |seg_decoder:sd0|    ; 7 (7)               ; 0 (0)                     ; 0                 ; 0          ; 0    ; 0            ; |main|timer:t|seg_decoder:sd0 ; seg_decoder ; work         ;
;       |seg_decoder:sd1|    ; 7 (7)               ; 0 (0)                     ; 0                 ; 0          ; 0    ; 0            ; |main|timer:t|seg_decoder:sd1 ; seg_decoder ; work         ;
;       |seg_decoder:sd2|    ; 7 (7)               ; 0 (0)                     ; 0                 ; 0          ; 0    ; 0            ; |main|timer:t|seg_decoder:sd2 ; seg_decoder ; work         ;
;       |seg_decoder:sd3|    ; 7 (7)               ; 0 (0)                     ; 0                 ; 0          ; 0    ; 0            ; |main|timer:t|seg_decoder:sd3 ; seg_decoder ; work         ;
;       |seg_decoder:sd4|    ; 7 (7)               ; 0 (0)                     ; 0                 ; 0          ; 0    ; 0            ; |main|timer:t|seg_decoder:sd4 ; seg_decoder ; work         ;
;       |seg_decoder:sd5|    ; 7 (7)               ; 0 (0)                     ; 0                 ; 0          ; 0    ; 0            ; |main|timer:t|seg_decoder:sd5 ; seg_decoder ; work         ;
+----------------------------+---------------------+---------------------------+-------------------+------------+------+--------------+-------------------------------+-------------+--------------+
Note: For table entries with two numbers listed, the numbers in parentheses indicate the number of resources of the given type used by the specific entity alone. The numbers listed outside of parentheses indicate the total resources of the given type used by the specific entity and all of its sub-entities in the hierarchy.


+---------------------------------------------------------------------------------------------------+
; User-Specified and Inferred Latches                                                               ;
+----------------------------------------------------+---------------------+------------------------+
; Latch Name                                         ; Latch Enable Signal ; Free of Timing Hazards ;
+----------------------------------------------------+---------------------+------------------------+
; led:l|led[0]                                       ; switch              ; yes                    ;
; led:l|led[1]                                       ; switch              ; yes                    ;
; led:l|led[2]                                       ; switch              ; yes                    ;
; led:l|led[3]                                       ; switch              ; yes                    ;
; led:l|led[4]                                       ; switch              ; yes                    ;
; led:l|led[5]                                       ; switch              ; yes                    ;
; led:l|led[6]                                       ; switch              ; yes                    ;
; led:l|led[7]                                       ; switch              ; yes                    ;
; Number of user-specified and inferred latches = 8  ;                     ;                        ;
+----------------------------------------------------+---------------------+------------------------+
Note: All latches listed above may not be present at the end of synthesis due to various synthesis optimizations.


+------------------------------------------------------+
; General Register Statistics                          ;
+----------------------------------------------+-------+
; Statistic                                    ; Value ;
+----------------------------------------------+-------+
; Total registers                              ; 307   ;
; Number of registers using Synchronous Clear  ; 259   ;
; Number of registers using Synchronous Load   ; 32    ;
; Number of registers using Asynchronous Clear ; 0     ;
; Number of registers using Asynchronous Load  ; 0     ;
; Number of registers using Clock Enable       ; 112   ;
; Number of registers using Preset             ; 0     ;
+----------------------------------------------+-------+


+---------------------------------------------------+
; Inverted Register Statistics                      ;
+-----------------------------------------+---------+
; Inverted Register                       ; Fan out ;
+-----------------------------------------+---------+
; keypad:kp|keyrow[0]                     ; 17      ;
; keypad:kp|keyrow[1]                     ; 17      ;
; keypad:kp|keyrow[2]                     ; 22      ;
; mat:m|row[0]                            ; 1       ;
; mat:m|row[1]                            ; 1       ;
; mat:m|row[2]                            ; 1       ;
; mat:m|row[3]                            ; 1       ;
; mat:m|row[4]                            ; 1       ;
; mat:m|row[5]                            ; 1       ;
; mat:m|row[6]                            ; 1       ;
; mat:m|row[7]                            ; 1       ;
; button:b|pre[3]                         ; 1       ;
; button:b|pre[0]                         ; 1       ;
; button:b|pre[1]                         ; 1       ;
; button:b|pre[2]                         ; 1       ;
; keypad:kp|pre[5]                        ; 1       ;
; keypad:kp|pre[6]                        ; 1       ;
; keypad:kp|pre[7]                        ; 1       ;
; keypad:kp|pre[0]                        ; 1       ;
; keypad:kp|pre[1]                        ; 1       ;
; keypad:kp|pre[2]                        ; 1       ;
; keypad:kp|pre[3]                        ; 1       ;
; keypad:kp|pre[4]                        ; 1       ;
; Total number of inverted registers = 23 ;         ;
+-----------------------------------------+---------+


+------------------------------------------------------------------------------------------------------------------------------------------+
; Multiplexer Restructuring Statistics (Restructuring Performed)                                                                           ;
+--------------------+-----------+---------------+----------------------+------------------------+------------+----------------------------+
; Multiplexer Inputs ; Bus Width ; Baseline Area ; Area if Restructured ; Saving if Restructured ; Registered ; Example Multiplexer Output ;
+--------------------+-----------+---------------+----------------------+------------------------+------------+----------------------------+
; 3:1                ; 32 bits   ; 64 LEs        ; 0 LEs                ; 64 LEs                 ; Yes        ; |main|mat:m|tmp[5]         ;
; 4:1                ; 4 bits    ; 8 LEs         ; 8 LEs                ; 0 LEs                  ; Yes        ; |main|timer:t|hr[1][2]     ;
; 4:1                ; 32 bits   ; 64 LEs        ; 0 LEs                ; 64 LEs                 ; Yes        ; |main|timer:t|cnt[16]      ;
; 4:1                ; 4 bits    ; 8 LEs         ; 8 LEs                ; 0 LEs                  ; Yes        ; |main|timer:t|sec[0][2]    ;
; 4:1                ; 4 bits    ; 8 LEs         ; 8 LEs                ; 0 LEs                  ; Yes        ; |main|timer:t|sec[1][1]    ;
; 4:1                ; 4 bits    ; 8 LEs         ; 8 LEs                ; 0 LEs                  ; Yes        ; |main|timer:t|min[0][1]    ;
; 4:1                ; 4 bits    ; 8 LEs         ; 8 LEs                ; 0 LEs                  ; Yes        ; |main|timer:t|min[1][1]    ;
; 4:1                ; 4 bits    ; 8 LEs         ; 8 LEs                ; 0 LEs                  ; Yes        ; |main|timer:t|hr[0][1]     ;
; 4:1                ; 16 bits   ; 32 LEs        ; 0 LEs                ; 32 LEs                 ; Yes        ; |main|keypad:kp|dot[5]     ;
; 10:1               ; 16 bits   ; 96 LEs        ; 96 LEs               ; 0 LEs                  ; Yes        ; |main|mat:m|col[2]         ;
; 3:1                ; 12 bits   ; 24 LEs        ; 12 LEs               ; 12 LEs                 ; Yes        ; |main|button:b|pre[0]      ;
; 3:1                ; 8 bits    ; 16 LEs        ; 8 LEs                ; 8 LEs                  ; Yes        ; |main|mat:m|row[2]         ;
+--------------------+-----------+---------------+----------------------+------------------------+------------+----------------------------+


+-----------------------------------------------------+
; Post-Synthesis Netlist Statistics for Top Partition ;
+-----------------------+-----------------------------+
; Type                  ; Count                       ;
+-----------------------+-----------------------------+
; arriav_ff             ; 307                         ;
;     ENA               ; 48                          ;
;     ENA SCLR          ; 64                          ;
;     SCLR              ; 163                         ;
;     SCLR SLD          ; 32                          ;
; arriav_lcell_comb     ; 551                         ;
;     arith             ; 96                          ;
;         1 data inputs ; 32                          ;
;         2 data inputs ; 64                          ;
;     normal            ; 455                         ;
;         1 data inputs ; 17                          ;
;         2 data inputs ; 62                          ;
;         3 data inputs ; 19                          ;
;         4 data inputs ; 83                          ;
;         5 data inputs ; 31                          ;
;         6 data inputs ; 243                         ;
; boundary_port         ; 89                          ;
;                       ;                             ;
; Max LUT depth         ; 4.10                        ;
; Average LUT depth     ; 2.74                        ;
+-----------------------+-----------------------------+


+-------------------------------+
; Elapsed Time Per Partition    ;
+----------------+--------------+
; Partition Name ; Elapsed Time ;
+----------------+--------------+
; Top            ; 00:00:00     ;
+----------------+--------------+


+-------------------------------+
; Analysis & Synthesis Messages ;
+-------------------------------+
Info: *******************************************************************
Info: Running Quartus Prime Analysis & Synthesis
    Info: Version 16.1.0 Build 196 10/24/2016 SJ Lite Edition
    Info: Processing started: Thu Dec 29 14:16:13 2016
Info: Command: quartus_map --read_settings_files=on --write_settings_files=off main -c main
Warning (18236): Number of processors has not been specified which may cause overloading on shared machines.  Set the global assignment NUM_PARALLEL_PROCESSORS in your QSF to an appropriate value for best performance.
Info (20030): Parallel compilation is enabled and will use 4 of the 4 processors detected
Warning (12019): Can't analyze file -- file area.v is missing
Info (12021): Found 1 design units, including 1 entities, in source file led.v
    Info (12023): Found entity 1: led File: /home/carbonk/Documents/verilog/mine/led.v Line: 1
Info (12021): Found 1 design units, including 1 entities, in source file mat.v
    Info (12023): Found entity 1: mat File: /home/carbonk/Documents/verilog/mine/mat.v Line: 1
Info (12021): Found 1 design units, including 1 entities, in source file timer.v
    Info (12023): Found entity 1: timer File: /home/carbonk/Documents/verilog/mine/timer.v Line: 1
Info (12021): Found 1 design units, including 1 entities, in source file main.v
    Info (12023): Found entity 1: main File: /home/carbonk/Documents/verilog/mine/main.v Line: 1
Info (12021): Found 1 design units, including 1 entities, in source file seg_decoder.v
    Info (12023): Found entity 1: seg_decoder File: /home/carbonk/Documents/verilog/mine/seg_decoder.v Line: 1
Info (12127): Elaborating entity "main" for the top level hierarchy
Info (12128): Elaborating entity "mat" for hierarchy "mat:m" File: /home/carbonk/Documents/verilog/mine/main.v Line: 15
Warning (10762): Verilog HDL Case Statement warning at mat.v(117): can't check case statement for completeness because the case expression has too many possible states File: /home/carbonk/Documents/verilog/mine/mat.v Line: 117
Warning (12125): Using design file keypad.v, which is not specified as a design file for the current project, but contains definitions for 1 design units and 1 entities in project
    Info (12023): Found entity 1: keypad File: /home/carbonk/Documents/verilog/mine/keypad.v Line: 1
Info (12128): Elaborating entity "keypad" for hierarchy "keypad:kp" File: /home/carbonk/Documents/verilog/mine/main.v Line: 16
Warning (12125): Using design file button.v, which is not specified as a design file for the current project, but contains definitions for 1 design units and 1 entities in project
    Info (12023): Found entity 1: button File: /home/carbonk/Documents/verilog/mine/button.v Line: 1
Info (12128): Elaborating entity "button" for hierarchy "button:b" File: /home/carbonk/Documents/verilog/mine/main.v Line: 17
Info (12128): Elaborating entity "led" for hierarchy "led:l" File: /home/carbonk/Documents/verilog/mine/main.v Line: 18
Warning (10240): Verilog HDL Always Construct warning at led.v(11): inferring latch(es) for variable "led", which holds its previous value in one or more paths through the always construct File: /home/carbonk/Documents/verilog/mine/led.v Line: 11
Info (10041): Inferred latch for "led[0]" at led.v(14) File: /home/carbonk/Documents/verilog/mine/led.v Line: 14
Info (10041): Inferred latch for "led[1]" at led.v(14) File: /home/carbonk/Documents/verilog/mine/led.v Line: 14
Info (10041): Inferred latch for "led[2]" at led.v(14) File: /home/carbonk/Documents/verilog/mine/led.v Line: 14
Info (10041): Inferred latch for "led[3]" at led.v(14) File: /home/carbonk/Documents/verilog/mine/led.v Line: 14
Info (10041): Inferred latch for "led[4]" at led.v(14) File: /home/carbonk/Documents/verilog/mine/led.v Line: 14
Info (10041): Inferred latch for "led[5]" at led.v(14) File: /home/carbonk/Documents/verilog/mine/led.v Line: 14
Info (10041): Inferred latch for "led[6]" at led.v(14) File: /home/carbonk/Documents/verilog/mine/led.v Line: 14
Info (10041): Inferred latch for "led[7]" at led.v(14) File: /home/carbonk/Documents/verilog/mine/led.v Line: 14
Info (12128): Elaborating entity "timer" for hierarchy "timer:t" File: /home/carbonk/Documents/verilog/mine/main.v Line: 19
Info (12128): Elaborating entity "seg_decoder" for hierarchy "timer:t|seg_decoder:sd5" File: /home/carbonk/Documents/verilog/mine/timer.v Line: 11
Warning (12011): Net is missing source, defaulting to GND
    Warning (12110): Net "finish" is missing source, defaulting to GND File: /home/carbonk/Documents/verilog/mine/main.v Line: 13
Info (286030): Timing-Driven Synthesis is running
Info (16010): Generating hard_block partition "hard_block:auto_generated_inst"
    Info (16011): Adding 0 node(s), including 0 DDIO, 0 PLL, 0 transceiver and 0 LCELL
Info (21057): Implemented 755 device resources after synthesis - the final resource count might be different
    Info (21058): Implemented 11 input pins
    Info (21059): Implemented 78 output pins
    Info (21061): Implemented 666 logic cells
Info: Quartus Prime Analysis & Synthesis was successful. 0 errors, 8 warnings
    Info: Peak virtual memory: 1065 megabytes
    Info: Processing ended: Thu Dec 29 14:16:26 2016
    Info: Elapsed time: 00:00:13
    Info: Total CPU time (on all processors): 00:00:27


